execve("./Child", ["./Child"], [/* 36 vars */]) = 0
uname({sys="Linux", node="server.bluevalley.com", ...}) = 0
brk(0)                                  = 0x804a000
access("/etc/ld.so.preload", R_OK)      = -1 ENOENT (No such file or directory)
open("/etc/ld.so.cache", O_RDONLY)      = 3
fstat64(3, {st_mode=S_IFREG|0644, st_size=78348, ...}) = 0
old_mmap(NULL, 78348, PROT_READ, MAP_PRIVATE, 3, 0) = 0xb7fc8000
close(3)                                = 0
open("/lib/tls/libc.so.6", O_RDONLY)    = 3
read(3, "\177ELF\1\1\1\0\0\0\0\0\0\0\0\0\3\0\3\0\1\0\0\0\320^j\000"..., 512) = 512
fstat64(3, {st_mode=S_IFREG|0755, st_size=1454802, ...}) = 0
old_mmap(NULL, 4096, PROT_READ|PROT_WRITE, MAP_PRIVATE|MAP_ANONYMOUS, -1, 0) = 0xb7fc7000
old_mmap(0x691000, 1223900, PROT_READ|PROT_EXEC, MAP_PRIVATE|MAP_DENYWRITE, 3, 0) = 0x691000
old_mmap(0x7b6000, 16384, PROT_READ|PROT_WRITE, MAP_PRIVATE|MAP_FIXED|MAP_DENYWRITE, 3, 0x124000) = 0x7b6000
old_mmap(0x7ba000, 7388, PROT_READ|PROT_WRITE, MAP_PRIVATE|MAP_FIXED|MAP_ANONYMOUS, -1, 0) = 0x7ba000
close(3)                                = 0
old_mmap(NULL, 4096, PROT_READ|PROT_WRITE, MAP_PRIVATE|MAP_ANONYMOUS, -1, 0) = 0xb7fc6000
mprotect(0x7b6000, 4096, PROT_READ)     = 0
mprotect(0x688000, 4096, PROT_READ)     = 0
set_thread_area({entry_number:-1 -> 6, base_addr:0xb7fc66c0, limit:1048575, seg_32bit:1, contents:0, read_exec_only:0, limit_in_pages:1, seg_not_present:0, useable:1}) = 0
munmap(0xb7fc8000, 78348)               = 0
clone(child_stack=0, flags=CLONE_CHILD_CLEARTID|CLONE_CHILD_SETTID|SIGCHLD, child_tidptr=0xb7fc6708) = 4425
getpid()                                = 4424
fstat64(1, {st_mode=S_IFCHR|0600, st_rdev=makedev(136, 1), ...}) = 0
mmap2(NULL, 4096, PROT_READ|PROT_WRITE, MAP_PRIVATE|MAP_ANONYMOUS, -1, 0) = 0xb7fdb000
write(1, "this is parent: PID is 4424\n", 28) = 28
write(1, "child pid is 4425\n", 18)     = 18
write(1, "Terminating parent \n", 20)   = 20
exit_group(0)                           = ?
